<?xml version="1.0" encoding="UTF-8"?>
<!-- Generated by org.testng.reporters.JUnitReportReporter -->
<testsuite hostname="Karthick" name="com.sharp.login.LoginUsers" tests="2" failures="0" timestamp="15 Apr 2018 12:08:06 GMT" time="1.895" errors="0">
  <testcase name="testing_01" time="0.128" classname="com.sharp.login.LoginUsers"/>
  <testcase name="testing_02" time="1.767" classname="com.sharp.login.LoginUsers"/>
</testsuite> <!-- com.sharp.login.LoginUsers -->
