<?xml version="1.0" encoding="UTF-8"?>
<!-- Generated by org.testng.reporters.JUnitReportReporter -->
<testsuite hostname="Karthick" name="com.sample.test.LoginUsers" tests="1" failures="0" timestamp="15 Apr 2018 10:03:21 GMT" time="1.986" errors="0">
  <testcase name="testing_01" time="1.986" classname="com.sample.test.LoginUsers"/>
</testsuite> <!-- com.sample.test.LoginUsers -->
