<?xml version="1.0" encoding="UTF-8"?>
<!-- Generated by org.testng.reporters.JUnitReportReporter -->
<testsuite hostname="Karthick" name="com.sharp.login.LoginUsers" tests="1" failures="0" timestamp="15 Apr 2018 11:02:45 GMT" time="0.086" errors="0">
  <testcase name="testing_01" time="0.086" classname="com.sharp.login.LoginUsers"/>
</testsuite> <!-- com.sharp.login.LoginUsers -->
